Loading band_dft.yaml …
Traceback (most recent call last):
  File "/dss/dsshome1/00/ra45nuj/amrt/VASP_test/phonopy/Bridgmanite/24GPa_1900K/MACE/1_small_light_allgpa/222supercell/compare-dft/plot_compare.py", line 81, in <module>
    dist_a, freqs_a, ticks_a = load_band(YAML_A)
                               ^^^^^^^^^^^^^^^^^
  File "/dss/dsshome1/00/ra45nuj/amrt/VASP_test/phonopy/Bridgmanite/24GPa_1900K/MACE/1_small_light_allgpa/222supercell/compare-dft/plot_compare.py", line 45, in load_band
    data = yaml.safe_load(f)
           ^^^^^^^^^^^^^^^^^
  File "/dss/dsshome1/00/ra45nuj/miniforge3/lib/python3.12/site-packages/yaml/__init__.py", line 125, in safe_load
    return load(stream, SafeLoader)
           ^^^^^^^^^^^^^^^^^^^^^^^^
  File "/dss/dsshome1/00/ra45nuj/miniforge3/lib/python3.12/site-packages/yaml/__init__.py", line 81, in load
    return loader.get_single_data()
           ^^^^^^^^^^^^^^^^^^^^^^^^
  File "/dss/dsshome1/00/ra45nuj/miniforge3/lib/python3.12/site-packages/yaml/constructor.py", line 49, in get_single_data
    node = self.get_single_node()
           ^^^^^^^^^^^^^^^^^^^^^^
  File "/dss/dsshome1/00/ra45nuj/miniforge3/lib/python3.12/site-packages/yaml/composer.py", line 36, in get_single_node
    document = self.compose_document()
               ^^^^^^^^^^^^^^^^^^^^^^^
  File "/dss/dsshome1/00/ra45nuj/miniforge3/lib/python3.12/site-packages/yaml/composer.py", line 55, in compose_document
    node = self.compose_node(None, None)
           ^^^^^^^^^^^^^^^^^^^^^^^^^^^^^
  File "/dss/dsshome1/00/ra45nuj/miniforge3/lib/python3.12/site-packages/yaml/composer.py", line 84, in compose_node
    node = self.compose_mapping_node(anchor)
           ^^^^^^^^^^^^^^^^^^^^^^^^^^^^^^^^^
  File "/dss/dsshome1/00/ra45nuj/miniforge3/lib/python3.12/site-packages/yaml/composer.py", line 133, in compose_mapping_node
    item_value = self.compose_node(node, item_key)
                 ^^^^^^^^^^^^^^^^^^^^^^^^^^^^^^^^^
  File "/dss/dsshome1/00/ra45nuj/miniforge3/lib/python3.12/site-packages/yaml/composer.py", line 82, in compose_node
    node = self.compose_sequence_node(anchor)
           ^^^^^^^^^^^^^^^^^^^^^^^^^^^^^^^^^^
  File "/dss/dsshome1/00/ra45nuj/miniforge3/lib/python3.12/site-packages/yaml/composer.py", line 111, in compose_sequence_node
    node.value.append(self.compose_node(node, index))
                      ^^^^^^^^^^^^^^^^^^^^^^^^^^^^^^
  File "/dss/dsshome1/00/ra45nuj/miniforge3/lib/python3.12/site-packages/yaml/composer.py", line 84, in compose_node
    node = self.compose_mapping_node(anchor)
           ^^^^^^^^^^^^^^^^^^^^^^^^^^^^^^^^^
  File "/dss/dsshome1/00/ra45nuj/miniforge3/lib/python3.12/site-packages/yaml/composer.py", line 133, in compose_mapping_node
    item_value = self.compose_node(node, item_key)
                 ^^^^^^^^^^^^^^^^^^^^^^^^^^^^^^^^^
  File "/dss/dsshome1/00/ra45nuj/miniforge3/lib/python3.12/site-packages/yaml/composer.py", line 82, in compose_node
    node = self.compose_sequence_node(anchor)
           ^^^^^^^^^^^^^^^^^^^^^^^^^^^^^^^^^^
  File "/dss/dsshome1/00/ra45nuj/miniforge3/lib/python3.12/site-packages/yaml/composer.py", line 111, in compose_sequence_node
    node.value.append(self.compose_node(node, index))
                      ^^^^^^^^^^^^^^^^^^^^^^^^^^^^^^
  File "/dss/dsshome1/00/ra45nuj/miniforge3/lib/python3.12/site-packages/yaml/composer.py", line 84, in compose_node
    node = self.compose_mapping_node(anchor)
           ^^^^^^^^^^^^^^^^^^^^^^^^^^^^^^^^^
  File "/dss/dsshome1/00/ra45nuj/miniforge3/lib/python3.12/site-packages/yaml/composer.py", line 133, in compose_mapping_node
    item_value = self.compose_node(node, item_key)
                 ^^^^^^^^^^^^^^^^^^^^^^^^^^^^^^^^^
  File "/dss/dsshome1/00/ra45nuj/miniforge3/lib/python3.12/site-packages/yaml/composer.py", line 82, in compose_node
    node = self.compose_sequence_node(anchor)
           ^^^^^^^^^^^^^^^^^^^^^^^^^^^^^^^^^^
  File "/dss/dsshome1/00/ra45nuj/miniforge3/lib/python3.12/site-packages/yaml/composer.py", line 111, in compose_sequence_node
    node.value.append(self.compose_node(node, index))
                      ^^^^^^^^^^^^^^^^^^^^^^^^^^^^^^
  File "/dss/dsshome1/00/ra45nuj/miniforge3/lib/python3.12/site-packages/yaml/composer.py", line 82, in compose_node
    node = self.compose_sequence_node(anchor)
           ^^^^^^^^^^^^^^^^^^^^^^^^^^^^^^^^^^
  File "/dss/dsshome1/00/ra45nuj/miniforge3/lib/python3.12/site-packages/yaml/composer.py", line 110, in compose_sequence_node
    while not self.check_event(SequenceEndEvent):
              ^^^^^^^^^^^^^^^^^^^^^^^^^^^^^^^^^^
  File "/dss/dsshome1/00/ra45nuj/miniforge3/lib/python3.12/site-packages/yaml/parser.py", line 98, in check_event
    self.current_event = self.state()
                         ^^^^^^^^^^^^
  File "/dss/dsshome1/00/ra45nuj/miniforge3/lib/python3.12/site-packages/yaml/parser.py", line 384, in parse_block_sequence_entry
    if not self.check_token(BlockEntryToken, BlockEndToken):
           ^^^^^^^^^^^^^^^^^^^^^^^^^^^^^^^^^^^^^^^^^^^^^^^^
  File "/dss/dsshome1/00/ra45nuj/miniforge3/lib/python3.12/site-packages/yaml/scanner.py", line 116, in check_token
    self.fetch_more_tokens()
  File "/dss/dsshome1/00/ra45nuj/miniforge3/lib/python3.12/site-packages/yaml/scanner.py", line 169, in fetch_more_tokens
    ch = self.peek()
         ^^^^^^^^^^^
  File "/dss/dsshome1/00/ra45nuj/miniforge3/lib/python3.12/site-packages/yaml/reader.py", line 87, in peek
    def peek(self, index=0):

KeyboardInterrupt
